#
# There is insufficient memory for the Java Runtime Environment to continue.
# Native memory allocation (malloc) failed to allocate 32744 bytes for ChunkPool::allocate
# Possible reasons:
#   The system is out of physical RAM or swap space
#   In 32 bit mode, the process size limit was hit
# Possible solutions:
#   Reduce memory load on the system
#   Increase physical memory or swap space
#   Check if swap backing store is full
#   Use 64 bit Java on a 64 bit OS
#   Decrease Java heap size (-Xmx/-Xms)
#   Decrease number of Java threads
#   Decrease Java thread stack sizes (-Xss)
#   Set larger code cache with -XX:ReservedCodeCacheSize=
# This output file may be truncated or incomplete.
#
#  Out of Memory Error (allocation.cpp:273), pid=2640, tid=0x0000000000000b54
#
# JRE version: Java(TM) SE Runtime Environment (8.0_131-b11) (build 1.8.0_131-b11)
# Java VM: Java HotSpot(TM) 64-Bit Server VM (25.131-b11 mixed mode windows-amd64 compressed oops)
# Failed to write core dump. Call to MiniDumpWriteDump() failed (Error 0x800705aa: Insufficient system resources exist to complete the requested service.
)
#

---------------  T H R E A D  ---------------

Current thread (0x0000000014f1e800):  JavaThread "C1 CompilerThread1" daemon [_thread_in_native, id=2900, stack(0x0000000016030000,0x0000000016130000)]

Stack: [0x0000000016030000,0x0000000016130000]
[error occurred during error reporting (printing stack bounds), id 0xc0000005]

Native frames: (J=compiled Java code, j=interpreted, Vv=VM code, C=native code)


Current CompileTask:
C1:9462220 10879       3       com.sun.tools.javac.jvm.ClassWriter::writeCode (922 bytes)


---------------  P R O C E S S  ---------------

Java Threads: ( => current thread )
  0x000000001b984000 JavaThread "Task worker for ':'" [_thread_blocked, id=6532, stack(0x000000001df80000,0x000000001e080000)]
  0x000000001b982000 JavaThread "Cache worker for task history cache (C:\Users\Administrator\gradle\Respo\sfdc\.gradle\4.1\taskHistory)" [_thread_blocked, id=1748, stack(0x000000001de80000,0x000000001df80000)]
  0x000000001b980800 JavaThread "Cache worker for file content cache (C:\Users\Administrator\gradle\Respo\sfdc\.gradle\4.1\fileContent)" [_thread_blocked, id=2092, stack(0x000000001d950000,0x000000001da50000)]
  0x000000001b983800 JavaThread "build operations Thread 2" [_thread_blocked, id=7908, stack(0x000000001c480000,0x000000001c580000)]
  0x000000001b982800 JavaThread "build operations" [_thread_blocked, id=3132, stack(0x000000001c380000,0x000000001c480000)]
  0x000000001b97c800 JavaThread "Cache worker for Artifact transforms cache (C:\Users\Administrator\.gradle\caches\transforms-1)" [_thread_blocked, id=4300, stack(0x000000001a970000,0x000000001aa70000)]
  0x000000001b97f800 JavaThread "Cache worker for file hash cache (C:\Users\Administrator\gradle\Respo\sfdc\.gradle\4.1\fileHashes)" [_thread_blocked, id=7612, stack(0x000000001a670000,0x000000001a770000)]
  0x000000001b97f000 JavaThread "Stdin handler" [_thread_blocked, id=2600, stack(0x00000000191a0000,0x00000000192a0000)]
  0x000000001b97e000 JavaThread "Asynchronous log dispatcher for DefaultDaemonConnection: socket connection from /127.0.0.1:44567 to /127.0.0.1:4213" [_thread_blocked, id=3988, stack(0x00000000190a0000,0x00000000191a0000)]
  0x000000001b97d800 JavaThread "Daemon worker Thread 10" [_thread_in_native, id=3700, stack(0x0000000018fa0000,0x00000000190a0000)]
  0x000000001b97c000 JavaThread "Cancel handler" [_thread_blocked, id=7976, stack(0x0000000018ea0000,0x0000000018fa0000)]
  0x000000001b97b000 JavaThread "Handler for socket connection from /127.0.0.1:44567 to /127.0.0.1:4213" [_thread_in_native, id=3848, stack(0x0000000018ba0000,0x0000000018ca0000)]
  0x000000001b97a800 JavaThread "Daemon Thread 10" [_thread_blocked, id=7832, stack(0x0000000018aa0000,0x0000000018ba0000)]
  0x00000000171f0000 JavaThread "Memory manager" [_thread_blocked, id=7144, stack(0x000000001da80000,0x000000001db80000)]
  0x00000000171ed800 JavaThread "File lock request listener" [_thread_in_native, id=3940, stack(0x00000000193a0000,0x00000000194a0000)]
  0x00000000171ea000 JavaThread "Cache worker for file hash cache (C:\Users\Administrator\.gradle\caches\4.1\fileHashes)" [_thread_blocked, id=212, stack(0x00000000192a0000,0x00000000193a0000)]
  0x00000000174be800 JavaThread "Daemon periodic checks" [_thread_blocked, id=8760, stack(0x00000000189a0000,0x0000000018aa0000)]
  0x0000000017526000 JavaThread "Incoming local TCP Connector on port 44567" [_thread_in_native, id=4144, stack(0x00000000184e0000,0x00000000185e0000)]
  0x0000000016edb800 JavaThread "Daemon health stats" [_thread_blocked, id=2448, stack(0x0000000017f00000,0x0000000018000000)]
  0x0000000014f84800 JavaThread "Service Thread" daemon [_thread_blocked, id=8628, stack(0x0000000016130000,0x0000000016230000)]
=>0x0000000014f1e800 JavaThread "C1 CompilerThread1" daemon [_thread_in_native, id=2900, stack(0x0000000016030000,0x0000000016130000)]
  0x0000000014f1a800 JavaThread "C2 CompilerThread0" daemon [_thread_in_native, id=8776, stack(0x0000000015f30000,0x0000000016030000)]
  0x0000000014f19000 JavaThread "Attach Listener" daemon [_thread_blocked, id=3564, stack(0x0000000015e30000,0x0000000015f30000)]
  0x0000000014f15800 JavaThread "Signal Dispatcher" daemon [_thread_blocked, id=640, stack(0x0000000015d30000,0x0000000015e30000)]
  0x0000000014f08800 JavaThread "Finalizer" daemon [_thread_blocked, id=9044, stack(0x0000000015b50000,0x0000000015c50000)]
  0x0000000002a7d800 JavaThread "Reference Handler" daemon [_thread_blocked, id=7232, stack(0x0000000015a50000,0x0000000015b50000)]
  0x00000000010fd800 JavaThread "main" [_thread_blocked, id=8208, stack(0x0000000002890000,0x0000000002990000)]

Other Threads:
  0x0000000014ee7000 VMThread [stack: 0x0000000015950000,0x0000000015a50000] [id=5164]
  0x0000000014f9b000 WatcherThread [stack: 0x0000000016230000,0x0000000016330000] [id=4224]

VM state:not at safepoint (normal execution)

VM Mutex/Monitor currently owned by a thread: None

Heap:
 PSYoungGen      total 95232K, used 74652K [0x00000000eab00000, 0x00000000f1e00000, 0x0000000100000000)
  eden space 88064K, 76% used [0x00000000eab00000,0x00000000eece9ea0,0x00000000f0100000)
  from space 7168K, 99% used [0x00000000f1580000,0x00000000f1c7d4c8,0x00000000f1c80000)
  to   space 1536K, 0% used [0x00000000f1c80000,0x00000000f1c80000,0x00000000f1e00000)
 ParOldGen       total 46592K, used 28633K [0x00000000c0000000, 0x00000000c2d80000, 0x00000000eab00000)
  object space 46592K, 61% used [0x00000000c0000000,0x00000000c1bf67d0,0x00000000c2d80000)
 Metaspace       used 45169K, capacity 46394K, committed 46504K, reserved 1089536K
  class space    used 5961K, capacity 6249K, committed 6320K, reserved 1048576K

Card table byte_map: [0x0000000011e50000,0x0000000012060000] byte_map_base: 0x0000000011850000

Marking Bits: (ParMarkBitMap*) 0x000000005368c720
 Begin Bits: [0x00000000123c0000, 0x00000000133c0000)
 End Bits:   [0x00000000133c0000, 0x00000000143c0000)

Polling page: 0x0000000000ef0000

CodeCache: size=245760Kb used=31593Kb max_used=31736Kb free=214166Kb
 bounds [0x0000000002a90000, 0x00000000049c0000, 0x0000000011a90000]
 total_blobs=9567 nmethods=8838 adapters=640
 compilation: enabled

Compilation events (10 events):
Event: 9459.240 Thread 0x0000000014f1e800 nmethod 10874 0x00000000049ae910 code [0x00000000049aea80, 0x00000000049aed08]
Event: 9459.244 Thread 0x0000000014f1e800 10875       3       com.sun.tools.javac.code.Types$21::visitClassType (10 bytes)
Event: 9459.244 Thread 0x0000000014f1e800 nmethod 10875 0x0000000003469710 code [0x0000000003469880, 0x0000000003469b08]
Event: 9459.251 Thread 0x0000000014f1e800 10876       3       com.sun.tools.javac.code.Types$21::visitType (10 bytes)
Event: 9459.251 Thread 0x0000000014f1e800 nmethod 10876 0x0000000002bb8b50 code [0x0000000002bb8cc0, 0x0000000002bb8f70]
Event: 9459.255 Thread 0x0000000014f1e800 10877       3       com.sun.tools.javac.jvm.Code::emitInvokevirtual (50 bytes)
Event: 9459.255 Thread 0x0000000014f1e800 nmethod 10877 0x00000000037c8350 code [0x00000000037c8560, 0x00000000037c8df8]
Event: 9459.259 Thread 0x0000000014f1e800 10878       3       com.sun.tools.javac.jvm.Items::makeCondItem (12 bytes)
Event: 9459.259 Thread 0x0000000014f1e800 nmethod 10878 0x00000000033c2d90 code [0x00000000033c2f00, 0x00000000033c3230]
Event: 9459.260 Thread 0x0000000014f1e800 10879       3       com.sun.tools.javac.jvm.ClassWriter::writeCode (922 bytes)

GC Heap History (10 events):
Event: 4138.269 GC heap before
{Heap before GC invocations=21 (full 2):
 PSYoungGen      total 110080K, used 106414K [0x00000000eab00000, 0x00000000f1e80000, 0x0000000100000000)
  eden space 102912K, 99% used [0x00000000eab00000,0x00000000f0f7cfa8,0x00000000f0f80000)
  from space 7168K, 49% used [0x00000000f1600000,0x00000000f196e9d0,0x00000000f1d00000)
  to   space 6656K, 0% used [0x00000000f0f80000,0x00000000f0f80000,0x00000000f1600000)
 ParOldGen       total 46592K, used 27636K [0x00000000c0000000, 0x00000000c2d80000, 0x00000000eab00000)
  object space 46592K, 59% used [0x00000000c0000000,0x00000000c1afd1d8,0x00000000c2d80000)
 Metaspace       used 43802K, capacity 44694K, committed 44840K, reserved 1087488K
  class space    used 5894K, capacity 6147K, committed 6192K, reserved 1048576K
Event: 4138.285 GC heap after
Heap after GC invocations=21 (full 2):
 PSYoungGen      total 109568K, used 5606K [0x00000000eab00000, 0x00000000f2a00000, 0x0000000100000000)
  eden space 102912K, 0% used [0x00000000eab00000,0x00000000eab00000,0x00000000f0f80000)
  from space 6656K, 84% used [0x00000000f0f80000,0x00000000f14f98a8,0x00000000f1600000)
  to   space 7168K, 0% used [0x00000000f2300000,0x00000000f2300000,0x00000000f2a00000)
 ParOldGen       total 46592K, used 27644K [0x00000000c0000000, 0x00000000c2d80000, 0x00000000eab00000)
  object space 46592K, 59% used [0x00000000c0000000,0x00000000c1aff1d8,0x00000000c2d80000)
 Metaspace       used 43802K, capacity 44694K, committed 44840K, reserved 1087488K
  class space    used 5894K, capacity 6147K, committed 6192K, reserved 1048576K
}
Event: 6597.582 GC heap before
{Heap before GC invocations=22 (full 2):
 PSYoungGen      total 109568K, used 108518K [0x00000000eab00000, 0x00000000f2a00000, 0x0000000100000000)
  eden space 102912K, 100% used [0x00000000eab00000,0x00000000f0f80000,0x00000000f0f80000)
  from space 6656K, 84% used [0x00000000f0f80000,0x00000000f14f98a8,0x00000000f1600000)
  to   space 7168K, 0% used [0x00000000f2300000,0x00000000f2300000,0x00000000f2a00000)
 ParOldGen       total 46592K, used 27644K [0x00000000c0000000, 0x00000000c2d80000, 0x00000000eab00000)
  object space 46592K, 59% used [0x00000000c0000000,0x00000000c1aff1d8,0x00000000c2d80000)
 Metaspace       used 44248K, capacity 45222K, committed 45352K, reserved 1089536K
  class space    used 5917K, capacity 6171K, committed 6192K, reserved 1048576K
Event: 6597.597 GC heap after
Heap after GC invocations=22 (full 2):
 PSYoungGen      total 103424K, used 4470K [0x00000000eab00000, 0x00000000f2780000, 0x0000000100000000)
  eden space 98816K, 0% used [0x00000000eab00000,0x00000000eab00000,0x00000000f0b80000)
  from space 4608K, 97% used [0x00000000f2300000,0x00000000f275dac8,0x00000000f2780000)
  to   space 7168K, 0% used [0x00000000f1980000,0x00000000f1980000,0x00000000f2080000)
 ParOldGen       total 46592K, used 27652K [0x00000000c0000000, 0x00000000c2d80000, 0x00000000eab00000)
  object space 46592K, 59% used [0x00000000c0000000,0x00000000c1b011d8,0x00000000c2d80000)
 Metaspace       used 44248K, capacity 45222K, committed 45352K, reserved 1089536K
  class space    used 5917K, capacity 6171K, committed 6192K, reserved 1048576K
}
Event: 7362.666 GC heap before
{Heap before GC invocations=23 (full 2):
 PSYoungGen      total 103424K, used 103286K [0x00000000eab00000, 0x00000000f2780000, 0x0000000100000000)
  eden space 98816K, 100% used [0x00000000eab00000,0x00000000f0b80000,0x00000000f0b80000)
  from space 4608K, 97% used [0x00000000f2300000,0x00000000f275dac8,0x00000000f2780000)
  to   space 7168K, 0% used [0x00000000f1980000,0x00000000f1980000,0x00000000f2080000)
 ParOldGen       total 46592K, used 27652K [0x00000000c0000000, 0x00000000c2d80000, 0x00000000eab00000)
  object space 46592K, 59% used [0x00000000c0000000,0x00000000c1b011d8,0x00000000c2d80000)
 Metaspace       used 44716K, capacity 45986K, committed 46248K, reserved 1089536K
  class space    used 5958K, capacity 6245K, committed 6320K, reserved 1048576K
Event: 7362.682 GC heap after
Heap after GC invocations=23 (full 2):
 PSYoungGen      total 99328K, used 3814K [0x00000000eab00000, 0x00000000f2380000, 0x0000000100000000)
  eden space 95232K, 0% used [0x00000000eab00000,0x00000000eab00000,0x00000000f0800000)
  from space 4096K, 93% used [0x00000000f1980000,0x00000000f1d399d0,0x00000000f1d80000)
  to   space 6144K, 0% used [0x00000000f1d80000,0x00000000f1d80000,0x00000000f2380000)
 ParOldGen       total 46592K, used 27660K [0x00000000c0000000, 0x00000000c2d80000, 0x00000000eab00000)
  object space 46592K, 59% used [0x00000000c0000000,0x00000000c1b031d8,0x00000000c2d80000)
 Metaspace       used 44716K, capacity 45986K, committed 46248K, reserved 1089536K
  class space    used 5958K, capacity 6245K, committed 6320K, reserved 1048576K
}
Event: 8229.685 GC heap before
{Heap before GC invocations=24 (full 2):
 PSYoungGen      total 99328K, used 99041K [0x00000000eab00000, 0x00000000f2380000, 0x0000000100000000)
  eden space 95232K, 99% used [0x00000000eab00000,0x00000000f07feda8,0x00000000f0800000)
  from space 4096K, 93% used [0x00000000f1980000,0x00000000f1d399d0,0x00000000f1d80000)
  to   space 6144K, 0% used [0x00000000f1d80000,0x00000000f1d80000,0x00000000f2380000)
 ParOldGen       total 46592K, used 27660K [0x00000000c0000000, 0x00000000c2d80000, 0x00000000eab00000)
  object space 46592K, 59% used [0x00000000c0000000,0x00000000c1b031d8,0x00000000c2d80000)
 Metaspace       used 44880K, capacity 46056K, committed 46248K, reserved 1089536K
  class space    used 5959K, capacity 6246K, committed 6320K, reserved 1048576K
Event: 8229.708 GC heap after
Heap after GC invocations=24 (full 2):
 PSYoungGen      total 97792K, used 5736K [0x00000000eab00000, 0x00000000f2380000, 0x0000000100000000)
  eden space 91648K, 0% used [0x00000000eab00000,0x00000000eab00000,0x00000000f0480000)
  from space 6144K, 93% used [0x00000000f1d80000,0x00000000f231a098,0x00000000f2380000)
  to   space 7168K, 0% used [0x00000000f1580000,0x00000000f1580000,0x00000000f1c80000)
 ParOldGen       total 46592K, used 27660K [0x00000000c0000000, 0x00000000c2d80000, 0x00000000eab00000)
  object space 46592K, 59% used [0x00000000c0000000,0x00000000c1b031d8,0x00000000c2d80000)
 Metaspace       used 44880K, capacity 46056K, committed 46248K, reserved 1089536K
  class space    used 5959K, capacity 6246K, committed 6320K, reserved 1048576K
}
Event: 8494.619 GC heap before
{Heap before GC invocations=25 (full 2):
 PSYoungGen      total 97792K, used 97384K [0x00000000eab00000, 0x00000000f2380000, 0x0000000100000000)
  eden space 91648K, 100% used [0x00000000eab00000,0x00000000f0480000,0x00000000f0480000)
  from space 6144K, 93% used [0x00000000f1d80000,0x00000000f231a098,0x00000000f2380000)
  to   space 7168K, 0% used [0x00000000f1580000,0x00000000f1580000,0x00000000f1c80000)
 ParOldGen       total 46592K, used 27660K [0x00000000c0000000, 0x00000000c2d80000, 0x00000000eab00000)
  object space 46592K, 59% used [0x00000000c0000000,0x00000000c1b031d8,0x00000000c2d80000)
 Metaspace       used 45098K, capacity 46330K, committed 46504K, reserved 1089536K
  class space    used 5961K, capacity 6249K, committed 6320K, reserved 1048576K
Event: 8494.650 GC heap after
Heap after GC invocations=25 (full 2):
 PSYoungGen      total 95232K, used 7157K [0x00000000eab00000, 0x00000000f1e00000, 0x0000000100000000)
  eden space 88064K, 0% used [0x00000000eab00000,0x00000000eab00000,0x00000000f0100000)
  from space 7168K, 99% used [0x00000000f1580000,0x00000000f1c7d4c8,0x00000000f1c80000)
  to   space 1536K, 0% used [0x00000000f1c80000,0x00000000f1c80000,0x00000000f1e00000)
 ParOldGen       total 46592K, used 28633K [0x00000000c0000000, 0x00000000c2d80000, 0x00000000eab00000)
  object space 46592K, 61% used [0x00000000c0000000,0x00000000c1bf67d0,0x00000000c2d80000)
 Metaspace       used 45098K, capacity 46330K, committed 46504K, reserved 1089536K
  class space    used 5961K, capacity 6249K, committed 6320K, reserved 1048576K
}

Deoptimization events (10 events):
Event: 4143.113 Thread 0x000000001b97f000 Uncommon trap: reason=bimorphic action=maybe_recompile pc=0x000000000371481c method=org.gradle.internal.logging.text.AbstractStyledTextOutput.text(Ljava/lang/Object;)Lorg/gradle/internal/logging/text/StyledTextOutput; @ 11
Event: 4143.115 Thread 0x000000001b97f000 Uncommon trap: reason=bimorphic action=maybe_recompile pc=0x00000000037068f4 method=org.gradle.internal.logging.text.AbstractLineChoppingStyledTextOutput$StateContext.flushLineText()V @ 110
Event: 4470.008 Thread 0x000000001b97c800 Uncommon trap: reason=unstable_if action=reinterpret pc=0x000000000430f9fc method=org.gradle.internal.xml.SimpleMarkupWriter.writeXmlEncoded(C)V @ 48
Event: 6912.221 Thread 0x000000001b97a800 Uncommon trap: reason=unstable_if action=reinterpret pc=0x0000000003217bd4 method=com.sun.tools.javac.file.ZipFileIndex$DirectoryEntry.initEntries()V @ 4
Event: 6912.235 Thread 0x000000001b97a800 Uncommon trap: reason=unstable_if action=reinterpret pc=0x00000000040b4778 method=com.sun.tools.javac.jvm.Pool.put(Ljava/lang/Object;)I @ 80
Event: 8459.223 Thread 0x000000001b7fe000 Uncommon trap: reason=unstable_if action=reinterpret pc=0x0000000002f6af74 method=java.lang.ref.SoftReference.get()Ljava/lang/Object; @ 6
Event: 8459.225 Thread 0x000000001b7fe000 Uncommon trap: reason=unstable_if action=reinterpret pc=0x000000000306d208 method=java.lang.ref.SoftReference.get()Ljava/lang/Object; @ 6
Event: 8459.232 Thread 0x000000001b7fe000 Uncommon trap: reason=uninitialized action=reinterpret pc=0x0000000003804614 method=java.io.ObjectInputStream$HandleTable.markDependency(II)V @ 110
Event: 8459.232 Thread 0x000000001b7fe000 Uncommon trap: reason=unstable_if action=reinterpret pc=0x000000000457ef50 method=java.io.ObjectInputStream$HandleTable.finish(I)V @ 4
Event: 8494.659 Thread 0x000000001b97e000 Uncommon trap: reason=null_check action=make_not_entrant pc=0x0000000003682578 method=com.sun.tools.javac.util.UnsharedNameTable.fromUtf([BII)Lcom/sun/tools/javac/util/Name; @ 50

Internal exceptions (10 events):
Event: 8310.673 Thread 0x000000001b97e000 Exception <a 'java/io/FileNotFoundException'> (0x00000000edd44bb8) thrown at [C:\re\workspace\8-2-build-windows-amd64-cygwin\jdk8u131\8869\hotspot\src\share\vm\prims\jni.cpp, line 709]
Event: 8459.225 Thread 0x000000001b7fe000 Implicit null exception at 0x000000000306cd80 to 0x000000000306d1ed
Event: 8494.464 Thread 0x000000001b97e000 Exception <a 'java/io/FileNotFoundException'> (0x00000000efac8928) thrown at [C:\re\workspace\8-2-build-windows-amd64-cygwin\jdk8u131\8869\hotspot\src\share\vm\prims\jni.cpp, line 709]
Event: 8494.464 Thread 0x000000001b97e000 Exception <a 'java/io/FileNotFoundException'> (0x00000000efaca9e0) thrown at [C:\re\workspace\8-2-build-windows-amd64-cygwin\jdk8u131\8869\hotspot\src\share\vm\prims\jni.cpp, line 709]
Event: 8494.659 Thread 0x000000001b97e000 Implicit null exception at 0x0000000003681e68 to 0x0000000003682535
Event: 8494.899 Thread 0x000000001b97e000 Exception <a 'java/io/FileNotFoundException'> (0x00000000eb58b038) thrown at [C:\re\workspace\8-2-build-windows-amd64-cygwin\jdk8u131\8869\hotspot\src\share\vm\prims\jni.cpp, line 709]
Event: 8494.899 Thread 0x000000001b97e000 Exception <a 'java/io/FileNotFoundException'> (0x00000000eb58d0f0) thrown at [C:\re\workspace\8-2-build-windows-amd64-cygwin\jdk8u131\8869\hotspot\src\share\vm\prims\jni.cpp, line 709]
Event: 8494.900 Thread 0x000000001b97e000 Exception <a 'java/io/FileNotFoundException'> (0x00000000eb591a30) thrown at [C:\re\workspace\8-2-build-windows-amd64-cygwin\jdk8u131\8869\hotspot\src\share\vm\prims\jni.cpp, line 709]
Event: 9459.173 Thread 0x000000001b97d800 Exception <a 'java/io/FileNotFoundException'> (0x00000000edc65c98) thrown at [C:\re\workspace\8-2-build-windows-amd64-cygwin\jdk8u131\8869\hotspot\src\share\vm\prims\jni.cpp, line 709]
Event: 9459.173 Thread 0x000000001b97d800 Exception <a 'java/io/FileNotFoundException'> (0x00000000edc67d50) thrown at [C:\re\workspace\8-2-build-windows-amd64-cygwin\jdk8u131\8869\hotspot\src\share\vm\prims\jni.cpp, line 709]

Events (10 events):
Event: 9458.479 Executing VM operation: RevokeBias done
Event: 9458.479 Executing VM operation: RevokeBias
Event: 9458.479 Executing VM operation: RevokeBias done
Event: 9458.479 Executing VM operation: RevokeBias
Event: 9458.479 Executing VM operation: RevokeBias done
Event: 9458.479 Executing VM operation: BulkRevokeBias
Event: 9458.480 Executing VM operation: BulkRevokeBias done
Event: 9458.487 Thread 0x000000001b980800 Thread added: 0x000000001b980800
Event: 9458.492 Thread 0x000000001b982000 Thread added: 0x000000001b982000
Event: 9458.494 Thread 0x000000001b984000 Thread added: 0x000000001b984000


Dynamic libraries:
0x00007ff673230000 - 0x00007ff673267000 	C:\Program Files\Java\jdk1.8.0_131\bin\java.exe
0x00007fff87f90000 - 0x00007fff8813d000 	C:\windows\SYSTEM32\ntdll.dll
0x00007fff87b80000 - 0x00007fff87cbe000 	C:\windows\system32\KERNEL32.DLL
0x00007fff85440000 - 0x00007fff85555000 	C:\windows\system32\KERNELBASE.dll
0x00007fff83cd0000 - 0x00007fff83d5e000 	C:\windows\system32\apphelp.dll
0x00007fff6d810000 - 0x00007fff6d863000 	C:\windows\AppPatch\AppPatch64\AcGenral.DLL
0x00007fff87ee0000 - 0x00007fff87f8a000 	C:\windows\system32\msvcrt.dll
0x00007fff853b0000 - 0x00007fff853de000 	C:\windows\system32\SspiCli.dll
0x00007fff85c70000 - 0x00007fff85cc4000 	C:\windows\system32\SHLWAPI.dll
0x00007fff85fa0000 - 0x00007fff86117000 	C:\windows\system32\USER32.dll
0x00007fff85cd0000 - 0x00007fff85e64000 	C:\windows\system32\ole32.dll
0x00007fff86120000 - 0x00007fff87649000 	C:\windows\system32\SHELL32.dll
0x00007fff84670000 - 0x00007fff84691000 	C:\windows\SYSTEM32\USERENV.dll
0x00007fff85ab0000 - 0x00007fff85b5a000 	C:\windows\system32\ADVAPI32.dll
0x00007fff7ec30000 - 0x00007fff7ec4e000 	C:\windows\SYSTEM32\MPR.dll
0x00007fff85970000 - 0x00007fff85ab0000 	C:\windows\system32\RPCRT4.dll
0x00007fff85e70000 - 0x00007fff85ec9000 	C:\windows\SYSTEM32\sechost.dll
0x00007fff87cc0000 - 0x00007fff87ed2000 	C:\windows\SYSTEM32\combase.dll
0x00007fff87a30000 - 0x00007fff87b7b000 	C:\windows\system32\GDI32.dll
0x00007fff850b0000 - 0x00007fff850c5000 	C:\windows\SYSTEM32\profapi.dll
0x00007fff83700000 - 0x00007fff837b2000 	C:\windows\SYSTEM32\SHCORE.dll
0x00007fff85b70000 - 0x00007fff85ba6000 	C:\windows\system32\IMM32.DLL
0x00007fff85630000 - 0x00007fff85782000 	C:\windows\system32\MSCTF.dll
0x00007fff82520000 - 0x00007fff8279b000 	C:\windows\WinSxS\amd64_microsoft.windows.common-controls_6595b64144ccf1df_6.0.9600.18006_none_623f33d3ecbe86e8\COMCTL32.dll
0x0000000053db0000 - 0x0000000053e82000 	C:\Program Files\Java\jdk1.8.0_131\jre\bin\msvcr100.dll
0x0000000052e70000 - 0x000000005370c000 	C:\Program Files\Java\jdk1.8.0_131\jre\bin\server\jvm.dll
0x00007fff81800000 - 0x00007fff81809000 	C:\windows\SYSTEM32\WSOCK32.dll
0x00007fff7c9c0000 - 0x00007fff7c9e2000 	C:\windows\SYSTEM32\WINMM.dll
0x00007fff7d8c0000 - 0x00007fff7d8ca000 	C:\windows\SYSTEM32\VERSION.dll
0x00007fff87790000 - 0x00007fff87797000 	C:\windows\system32\PSAPI.DLL
0x00007fff85c10000 - 0x00007fff85c6a000 	C:\windows\system32\WS2_32.dll
0x00007fff7c970000 - 0x00007fff7c99a000 	C:\windows\SYSTEM32\WINMMBASE.dll
0x00007fff85b60000 - 0x00007fff85b69000 	C:\windows\system32\NSI.dll
0x00007fff85360000 - 0x00007fff853af000 	C:\windows\SYSTEM32\cfgmgr32.dll
0x00007fff83e00000 - 0x00007fff83e28000 	C:\windows\SYSTEM32\DEVOBJ.dll
0x0000000053da0000 - 0x0000000053daf000 	C:\Program Files\Java\jdk1.8.0_131\jre\bin\verify.dll
0x0000000053d70000 - 0x0000000053d99000 	C:\Program Files\Java\jdk1.8.0_131\jre\bin\java.dll
0x0000000053d50000 - 0x0000000053d66000 	C:\Program Files\Java\jdk1.8.0_131\jre\bin\zip.dll
0x0000000053d00000 - 0x0000000053d1a000 	C:\Program Files\Java\jdk1.8.0_131\jre\bin\net.dll
0x00007fff84790000 - 0x00007fff847e9000 	C:\windows\system32\mswsock.dll
0x0000000053ce0000 - 0x0000000053cf1000 	C:\Program Files\Java\jdk1.8.0_131\jre\bin\nio.dll
0x00007fff75470000 - 0x00007fff7548e000 	C:\Users\Administrator\.gradle\native\25\windows-amd64\native-platform.dll
0x0000000053cd0000 - 0x0000000053cdd000 	C:\Program Files\Java\jdk1.8.0_131\jre\bin\management.dll
0x00007fff84940000 - 0x00007fff84960000 	C:\windows\SYSTEM32\CRYPTSP.dll
0x00007fff84580000 - 0x00007fff845b6000 	C:\windows\system32\rsaenh.dll
0x00007fff84bb0000 - 0x00007fff84bd6000 	C:\windows\SYSTEM32\bcrypt.dll
0x00007fff84eb0000 - 0x00007fff84f13000 	C:\windows\system32\bcryptprimitives.dll
0x00007fff84f20000 - 0x00007fff84f2b000 	C:\windows\SYSTEM32\CRYPTBASE.dll
0x00007fff81520000 - 0x00007fff8154a000 	C:\windows\SYSTEM32\IPHLPAPI.DLL
0x00007fff81500000 - 0x00007fff8150a000 	C:\windows\SYSTEM32\WINNSI.DLL
0x00007fff81230000 - 0x00007fff81246000 	C:\windows\SYSTEM32\dhcpcsvc6.DLL
0x00007fff810d0000 - 0x00007fff810ea000 	C:\windows\SYSTEM32\dhcpcsvc.DLL
0x00007fff7f420000 - 0x00007fff7f435000 	C:\windows\system32\napinsp.dll
0x00007fff820b0000 - 0x00007fff820cb000 	C:\windows\system32\NLAapi.dll
0x00007fff846e0000 - 0x00007fff84784000 	C:\windows\SYSTEM32\DNSAPI.dll
0x00007fff7f440000 - 0x00007fff7f44d000 	C:\windows\System32\winrnr.dll
0x00007fff7f9d0000 - 0x00007fff7f9da000 	C:\Windows\System32\rasadhlp.dll
0x00007fff81350000 - 0x00007fff813bb000 	C:\windows\System32\fwpuclnt.dll
0x00007fff7f1a0000 - 0x00007fff7f329000 	C:\windows\system32\DBGHELP.DLL

VM Arguments:
jvm_args: -XX:+HeapDumpOnOutOfMemoryError -Xmx1024m -Dfile.encoding=windows-1252 -Duser.country=US -Duser.language=en -Duser.variant 
java_command: org.gradle.launcher.daemon.bootstrap.GradleDaemon 4.1
java_class_path (initial): C:\Users\Administrator\gradle\gradle-4.1\lib\gradle-launcher-4.1.jar
Launcher Type: SUN_STANDARD

Environment Variables:
JAVA_HOME=C:\Program Files\Java\jdk1.8.0_131
CLASSPATH=C:\Users\Administrator\gradle\gradle-4.1\bin\..\lib\gradle-launcher-4.1.jar
PATH=C:\ProgramData\Oracle\Java\javapath;C:\windows\system32;C:\windows;C:\windows\System32\Wbem;C:\windows\System32\WindowsPowerShell\v1.0\;C:\Program Files (x86)\Windows Kits\8.1\Windows Performance Toolkit\;C:\Program Files\Microsoft SQL Server\110\Tools\Binn\;C:\Users\Administrator\gradle\gradle-4.1\bin;C:\Program Files\Java\jdk1.8.0_131\jre\bin\server\jvm.dll;C:\Program Files\Java\jre1.8.0_144\bin\server;C:\Program Files\Git\cmd;C:\Program Files\PuTTY\;C:\Program Files\Java\jdk1.8.0_131/bin;C:\android\android-sdk\tools;C:\android\android-sdk\platforms;C:\android\android-sdk\platform-tools;C:\Program Files\nodejs\;C:\Users\Administrator\AppData\Local\Programs\Python\Python37\Scripts\;C:\Users\Administrator\AppData\Local\Programs\Python\Python37\;C:\Users\Administrator\AppData\Roaming\npm
USERNAME=Administrator
OS=Windows_NT
PROCESSOR_IDENTIFIER=Intel64 Family 6 Model 60 Stepping 1, GenuineIntel



---------------  S Y S T E M  ---------------

OS: Windows Server 2012 R2 , 64 bit Build 9600 (6.3.9600.17415)

CPU:total 2 (initial active 2) (1 cores per cpu, 1 threads per core) family 6 model 60 stepping 1, cmov, cx8, fxsr, mmx, sse, sse2, sse3, ssse3, sse4.1, sse4.2, popcnt, avx, avx2, aes, clmul, erms, lzcnt, tsc, bmi1, bmi2

Memory: 4k page, physical 3145204k(216296k free), swap 6290932k(848k free)

vm_info: Java HotSpot(TM) 64-Bit Server VM (25.131-b11) for windows-amd64 JRE (1.8.0_131-b11), built on Mar 15 2017 01:23:53 by "java_re" with MS VC++ 10.0 (VS2010)

time: Thu Dec 07 16:38:44 2017
elapsed time: 9462 seconds (0d 2h 37m 42s)

