#
# There is insufficient memory for the Java Runtime Environment to continue.
# Native memory allocation (malloc) failed to allocate 188256 bytes for Chunk::new
# Possible reasons:
#   The system is out of physical RAM or swap space
#   In 32 bit mode, the process size limit was hit
# Possible solutions:
#   Reduce memory load on the system
#   Increase physical memory or swap space
#   Check if swap backing store is full
#   Use 64 bit Java on a 64 bit OS
#   Decrease Java heap size (-Xmx/-Xms)
#   Decrease number of Java threads
#   Decrease Java thread stack sizes (-Xss)
#   Set larger code cache with -XX:ReservedCodeCacheSize=
# This output file may be truncated or incomplete.
#
#  Out of Memory Error (allocation.cpp:390), pid=3988, tid=0x00000000000005ac
#
# JRE version: Java(TM) SE Runtime Environment (8.0_131-b11) (build 1.8.0_131-b11)
# Java VM: Java HotSpot(TM) 64-Bit Server VM (25.131-b11 mixed mode windows-amd64 compressed oops)
# Failed to write core dump. 
#

---------------  T H R E A D  ---------------

Current thread (0x0000000013bae800):  JavaThread "C2 CompilerThread0" daemon [_thread_in_native, id=1452, stack(0x0000000014e60000,0x0000000014f60000)]

Stack: [0x0000000014e60000,0x0000000014f60000]
[error occurred during error reporting (printing stack bounds), id 0xc0000005]

Native frames: (J=compiled Java code, j=interpreted, Vv=VM code, C=native code)


Current CompileTask:
C2:   3526 1047 %     4       sun.security.provider.SHA::implCompress @ 12 (491 bytes)


---------------  P R O C E S S  ---------------

Java Threads: ( => current thread )
  0x0000000015ab0800 JavaThread "/127.0.0.1:43609 to /127.0.0.1:43608 workers Thread 3" [_thread_in_native, id=2944, stack(0x0000000016440000,0x0000000016540000)]
  0x0000000015aaf800 JavaThread "/127.0.0.1:43609 to /127.0.0.1:43608 workers Thread 2" [_thread_blocked, id=6132, stack(0x0000000016340000,0x0000000016440000)]
  0x0000000015a37800 JavaThread "Test worker" [_thread_in_native, id=5944, stack(0x0000000015f60000,0x0000000016060000)]
  0x00000000150a4000 JavaThread "Service Thread" daemon [_thread_blocked, id=3276, stack(0x0000000015460000,0x0000000015560000)]
  0x0000000013bbb000 JavaThread "C1 CompilerThread1" daemon [_thread_blocked, id=5156, stack(0x0000000014f60000,0x0000000015060000)]
=>0x0000000013bae800 JavaThread "C2 CompilerThread0" daemon [_thread_in_native, id=1452, stack(0x0000000014e60000,0x0000000014f60000)]
  0x0000000013bac000 JavaThread "Attach Listener" daemon [_thread_blocked, id=8260, stack(0x0000000014d60000,0x0000000014e60000)]
  0x0000000013b64800 JavaThread "Signal Dispatcher" daemon [_thread_blocked, id=7624, stack(0x0000000014c60000,0x0000000014d60000)]
  0x0000000002018800 JavaThread "Finalizer" daemon [_thread_blocked, id=816, stack(0x00000000147a0000,0x00000000148a0000)]
  0x000000000200e000 JavaThread "Reference Handler" daemon [_thread_blocked, id=3468, stack(0x00000000146a0000,0x00000000147a0000)]
  0x0000000001e1d800 JavaThread "main" [_thread_blocked, id=2244, stack(0x0000000001e20000,0x0000000001f20000)]

Other Threads:
  0x0000000013b15800 VMThread [stack: 0x00000000145a0000,0x00000000146a0000] [id=2320]
  0x00000000150e2800 WatcherThread [stack: 0x0000000015560000,0x0000000015660000] [id=5796]

VM state:not at safepoint (normal execution)

VM Mutex/Monitor currently owned by a thread: None

Heap:
 PSYoungGen      total 14336K, used 3172K [0x00000000f0000000, 0x00000000f1000000, 0x0000000100000000)
  eden space 12288K, 25% used [0x00000000f0000000,0x00000000f0319390,0x00000000f0c00000)
  from space 2048K, 0% used [0x00000000f0e00000,0x00000000f0e00000,0x00000000f1000000)
  to   space 2048K, 0% used [0x00000000f0c00000,0x00000000f0c00000,0x00000000f0e00000)
 ParOldGen       total 27136K, used 3718K [0x00000000d0000000, 0x00000000d1a80000, 0x00000000f0000000)
  object space 27136K, 13% used [0x00000000d0000000,0x00000000d03a1a28,0x00000000d1a80000)
 Metaspace       used 13273K, capacity 13578K, committed 13824K, reserved 1062912K
  class space    used 1629K, capacity 1723K, committed 1792K, reserved 1048576K

Card table byte_map: [0x00000000113e0000,0x0000000011570000] byte_map_base: 0x0000000010d60000

Marking Bits: (ParMarkBitMap*) 0x000000005368c720
 Begin Bits: [0x0000000011870000, 0x0000000012470000)
 End Bits:   [0x0000000012470000, 0x0000000013070000)

Polling page: 0x00000000004f0000

CodeCache: size=245760Kb used=4095Kb max_used=4095Kb free=241664Kb
 bounds [0x0000000002020000, 0x0000000002430000, 0x0000000011020000]
 total_blobs=1488 nmethods=1116 adapters=286
 compilation: enabled

Compilation events (10 events):
Event: 3.287 Thread 0x0000000013bbb000 1044   !   3       java.lang.StringCoding$StringEncoder::encode (179 bytes)
Event: 3.289 Thread 0x0000000013bbb000 nmethod 1044 0x00000000023eef10 code [0x00000000023ef260, 0x00000000023f0f38]
Event: 3.289 Thread 0x0000000013bbb000 1045   !   3       java.lang.StringCoding::encode (64 bytes)
Event: 3.289 Thread 0x0000000013bae800 nmethod 1043 0x00000000023e7790 code [0x00000000023e78e0, 0x00000000023e7c38]
Event: 3.290 Thread 0x0000000013bae800 1047 %     4       sun.security.provider.SHA::implCompress @ 12 (491 bytes)
Event: 3.291 Thread 0x0000000013bbb000 nmethod 1045 0x00000000023f2490 code [0x00000000023f2700, 0x00000000023f3408]
Event: 3.291 Thread 0x0000000013bbb000 1046       3       java.util.Hashtable$Enumerator::hasNext (5 bytes)
Event: 3.291 Thread 0x0000000013bbb000 nmethod 1046 0x00000000023f2050 code [0x00000000023f21c0, 0x00000000023f2368]
Event: 3.291 Thread 0x0000000013bbb000 1048       3       java.util.Hashtable$Enumerator::next (27 bytes)
Event: 3.291 Thread 0x0000000013bbb000 nmethod 1048 0x00000000023e7290 code [0x00000000023e7420, 0x00000000023e7678]

GC Heap History (10 events):
Event: 0.765 GC heap before
{Heap before GC invocations=1 (full 0):
 PSYoungGen      total 14336K, used 12288K [0x00000000f0000000, 0x00000000f1000000, 0x0000000100000000)
  eden space 12288K, 100% used [0x00000000f0000000,0x00000000f0c00000,0x00000000f0c00000)
  from space 2048K, 0% used [0x00000000f0e00000,0x00000000f0e00000,0x00000000f1000000)
  to   space 2048K, 0% used [0x00000000f0c00000,0x00000000f0c00000,0x00000000f0e00000)
 ParOldGen       total 32768K, used 0K [0x00000000d0000000, 0x00000000d2000000, 0x00000000f0000000)
  object space 32768K, 0% used [0x00000000d0000000,0x00000000d0000000,0x00000000d2000000)
 Metaspace       used 7861K, capacity 8130K, committed 8320K, reserved 1056768K
  class space    used 1008K, capacity 1103K, committed 1152K, reserved 1048576K
Event: 0.777 GC heap after
Heap after GC invocations=1 (full 0):
 PSYoungGen      total 14336K, used 2032K [0x00000000f0000000, 0x00000000f1000000, 0x0000000100000000)
  eden space 12288K, 0% used [0x00000000f0000000,0x00000000f0000000,0x00000000f0c00000)
  from space 2048K, 99% used [0x00000000f0c00000,0x00000000f0dfc140,0x00000000f0e00000)
  to   space 2048K, 0% used [0x00000000f0e00000,0x00000000f0e00000,0x00000000f1000000)
 ParOldGen       total 32768K, used 1000K [0x00000000d0000000, 0x00000000d2000000, 0x00000000f0000000)
  object space 32768K, 3% used [0x00000000d0000000,0x00000000d00fa300,0x00000000d2000000)
 Metaspace       used 7861K, capacity 8130K, committed 8320K, reserved 1056768K
  class space    used 1008K, capacity 1103K, committed 1152K, reserved 1048576K
}
Event: 1.126 GC heap before
{Heap before GC invocations=2 (full 0):
 PSYoungGen      total 14336K, used 14320K [0x00000000f0000000, 0x00000000f1000000, 0x0000000100000000)
  eden space 12288K, 100% used [0x00000000f0000000,0x00000000f0c00000,0x00000000f0c00000)
  from space 2048K, 99% used [0x00000000f0c00000,0x00000000f0dfc140,0x00000000f0e00000)
  to   space 2048K, 0% used [0x00000000f0e00000,0x00000000f0e00000,0x00000000f1000000)
 ParOldGen       total 32768K, used 1000K [0x00000000d0000000, 0x00000000d2000000, 0x00000000f0000000)
  object space 32768K, 3% used [0x00000000d0000000,0x00000000d00fa300,0x00000000d2000000)
 Metaspace       used 9583K, capacity 9858K, committed 10112K, reserved 1058816K
  class space    used 1196K, capacity 1295K, committed 1408K, reserved 1048576K
Event: 1.131 GC heap after
Heap after GC invocations=2 (full 0):
 PSYoungGen      total 14336K, used 2016K [0x00000000f0000000, 0x00000000f1000000, 0x0000000100000000)
  eden space 12288K, 0% used [0x00000000f0000000,0x00000000f0000000,0x00000000f0c00000)
  from space 2048K, 98% used [0x00000000f0e00000,0x00000000f0ff8110,0x00000000f1000000)
  to   space 2048K, 0% used [0x00000000f0c00000,0x00000000f0c00000,0x00000000f0e00000)
 ParOldGen       total 32768K, used 2210K [0x00000000d0000000, 0x00000000d2000000, 0x00000000f0000000)
  object space 32768K, 6% used [0x00000000d0000000,0x00000000d0228858,0x00000000d2000000)
 Metaspace       used 9583K, capacity 9858K, committed 10112K, reserved 1058816K
  class space    used 1196K, capacity 1295K, committed 1408K, reserved 1048576K
}
Event: 1.924 GC heap before
{Heap before GC invocations=3 (full 0):
 PSYoungGen      total 14336K, used 14304K [0x00000000f0000000, 0x00000000f1000000, 0x0000000100000000)
  eden space 12288K, 100% used [0x00000000f0000000,0x00000000f0c00000,0x00000000f0c00000)
  from space 2048K, 98% used [0x00000000f0e00000,0x00000000f0ff8110,0x00000000f1000000)
  to   space 2048K, 0% used [0x00000000f0c00000,0x00000000f0c00000,0x00000000f0e00000)
 ParOldGen       total 32768K, used 2210K [0x00000000d0000000, 0x00000000d2000000, 0x00000000f0000000)
  object space 32768K, 6% used [0x00000000d0000000,0x00000000d0228858,0x00000000d2000000)
 Metaspace       used 11754K, capacity 12040K, committed 12160K, reserved 1060864K
  class space    used 1456K, capacity 1552K, committed 1664K, reserved 1048576K
Event: 1.936 GC heap after
Heap after GC invocations=3 (full 0):
 PSYoungGen      total 14336K, used 2016K [0x00000000f0000000, 0x00000000f1000000, 0x0000000100000000)
  eden space 12288K, 0% used [0x00000000f0000000,0x00000000f0000000,0x00000000f0c00000)
  from space 2048K, 98% used [0x00000000f0c00000,0x00000000f0df8030,0x00000000f0e00000)
  to   space 2048K, 0% used [0x00000000f0e00000,0x00000000f0e00000,0x00000000f1000000)
 ParOldGen       total 32768K, used 4775K [0x00000000d0000000, 0x00000000d2000000, 0x00000000f0000000)
  object space 32768K, 14% used [0x00000000d0000000,0x00000000d04a9df8,0x00000000d2000000)
 Metaspace       used 11754K, capacity 12040K, committed 12160K, reserved 1060864K
  class space    used 1456K, capacity 1552K, committed 1664K, reserved 1048576K
}
Event: 1.976 GC heap before
{Heap before GC invocations=4 (full 0):
 PSYoungGen      total 14336K, used 2397K [0x00000000f0000000, 0x00000000f1000000, 0x0000000100000000)
  eden space 12288K, 3% used [0x00000000f0000000,0x00000000f005f6b8,0x00000000f0c00000)
  from space 2048K, 98% used [0x00000000f0c00000,0x00000000f0df8030,0x00000000f0e00000)
  to   space 2048K, 0% used [0x00000000f0e00000,0x00000000f0e00000,0x00000000f1000000)
 ParOldGen       total 32768K, used 4775K [0x00000000d0000000, 0x00000000d2000000, 0x00000000f0000000)
  object space 32768K, 14% used [0x00000000d0000000,0x00000000d04a9df8,0x00000000d2000000)
 Metaspace       used 12110K, capacity 12328K, committed 12416K, reserved 1064960K
  class space    used 1490K, capacity 1584K, committed 1664K, reserved 1048576K
Event: 1.980 GC heap after
Heap after GC invocations=4 (full 0):
 PSYoungGen      total 14336K, used 2016K [0x00000000f0000000, 0x00000000f1000000, 0x0000000100000000)
  eden space 12288K, 0% used [0x00000000f0000000,0x00000000f0000000,0x00000000f0c00000)
  from space 2048K, 98% used [0x00000000f0e00000,0x00000000f0ff8030,0x00000000f1000000)
  to   space 2048K, 0% used [0x00000000f0c00000,0x00000000f0c00000,0x00000000f0e00000)
 ParOldGen       total 32768K, used 4883K [0x00000000d0000000, 0x00000000d2000000, 0x00000000f0000000)
  object space 32768K, 14% used [0x00000000d0000000,0x00000000d04c4e08,0x00000000d2000000)
 Metaspace       used 12110K, capacity 12328K, committed 12416K, reserved 1064960K
  class space    used 1490K, capacity 1584K, committed 1664K, reserved 1048576K
}
Event: 1.980 GC heap before
{Heap before GC invocations=5 (full 1):
 PSYoungGen      total 14336K, used 2016K [0x00000000f0000000, 0x00000000f1000000, 0x0000000100000000)
  eden space 12288K, 0% used [0x00000000f0000000,0x00000000f0000000,0x00000000f0c00000)
  from space 2048K, 98% used [0x00000000f0e00000,0x00000000f0ff8030,0x00000000f1000000)
  to   space 2048K, 0% used [0x00000000f0c00000,0x00000000f0c00000,0x00000000f0e00000)
 ParOldGen       total 32768K, used 4883K [0x00000000d0000000, 0x00000000d2000000, 0x00000000f0000000)
  object space 32768K, 14% used [0x00000000d0000000,0x00000000d04c4e08,0x00000000d2000000)
 Metaspace       used 12110K, capacity 12328K, committed 12416K, reserved 1064960K
  class space    used 1490K, capacity 1584K, committed 1664K, reserved 1048576K
Event: 2.114 GC heap after
Heap after GC invocations=5 (full 1):
 PSYoungGen      total 14336K, used 0K [0x00000000f0000000, 0x00000000f1000000, 0x0000000100000000)
  eden space 12288K, 0% used [0x00000000f0000000,0x00000000f0000000,0x00000000f0c00000)
  from space 2048K, 0% used [0x00000000f0e00000,0x00000000f0e00000,0x00000000f1000000)
  to   space 2048K, 0% used [0x00000000f0c00000,0x00000000f0c00000,0x00000000f0e00000)
 ParOldGen       total 27136K, used 3718K [0x00000000d0000000, 0x00000000d1a80000, 0x00000000f0000000)
  object space 27136K, 13% used [0x00000000d0000000,0x00000000d03a1a28,0x00000000d1a80000)
 Metaspace       used 12110K, capacity 12328K, committed 12416K, reserved 1062912K
  class space    used 1490K, capacity 1584K, committed 1664K, reserved 1048576K
}

Deoptimization events (10 events):
Event: 1.706 Thread 0x0000000015a37800 Uncommon trap: reason=bimorphic action=maybe_recompile pc=0x000000000231ecec method=java.util.HashMap.putVal(ILjava/lang/Object;Ljava/lang/Object;ZZ)Ljava/lang/Object; @ 203
Event: 1.706 Thread 0x0000000015a37800 Uncommon trap: reason=bimorphic action=maybe_recompile pc=0x000000000231ecec method=java.util.HashMap.putVal(ILjava/lang/Object;Ljava/lang/Object;ZZ)Ljava/lang/Object; @ 203
Event: 1.706 Thread 0x0000000015a37800 Uncommon trap: reason=bimorphic action=maybe_recompile pc=0x00000000023187fc method=java.util.HashMap.putVal(ILjava/lang/Object;Ljava/lang/Object;ZZ)Ljava/lang/Object; @ 203
Event: 1.826 Thread 0x0000000015a37800 Uncommon trap: reason=unstable_if action=reinterpret pc=0x000000000237a244 method=java.io.BufferedReader.readLine(Z)Ljava/lang/String; @ 55
Event: 1.944 Thread 0x0000000015a37800 Uncommon trap: reason=unstable_if action=reinterpret pc=0x0000000002374b6c method=sun.misc.MetaIndex.mayContain(Ljava/lang/String;)Z @ 38
Event: 3.229 Thread 0x0000000015a37800 Uncommon trap: reason=unstable_if action=reinterpret pc=0x0000000002370390 method=java.lang.String.startsWith(Ljava/lang/String;I)Z @ 25
Event: 3.232 Thread 0x0000000015a37800 Uncommon trap: reason=unstable_if action=reinterpret pc=0x000000000223a2e8 method=sun.misc.MetaIndex.mayContain(Ljava/lang/String;)Z @ 38
Event: 3.275 Thread 0x0000000015a37800 Uncommon trap: reason=unstable_if action=reinterpret pc=0x000000000218a7d0 method=java.lang.String.startsWith(Ljava/lang/String;I)Z @ 25
Event: 3.276 Thread 0x0000000015a37800 Uncommon trap: reason=unstable_if action=reinterpret pc=0x0000000002362f2c method=java.lang.String.regionMatches(ZILjava/lang/String;II)Z @ 123
Event: 3.276 Thread 0x0000000015a37800 Uncommon trap: reason=unstable_if action=reinterpret pc=0x0000000002364bec method=java.lang.String.regionMatches(ZILjava/lang/String;II)Z @ 123

Internal exceptions (10 events):
Event: 1.260 Thread 0x0000000015a37800 Exception <a 'java/lang/ClassNotFoundException': org/apache/log4j/WriterAppenderBeanInfo> (0x00000000f01f53a0) thrown at [C:\re\workspace\8-2-build-windows-amd64-cygwin\jdk8u131\8869\hotspot\src\share\vm\classfile\systemDictionary.cpp, line 210]
Event: 1.261 Thread 0x0000000015a37800 Exception <a 'java/lang/ClassNotFoundException': org/apache/log4j/AppenderSkeletonBeanInfo> (0x00000000f0204a80) thrown at [C:\re\workspace\8-2-build-windows-amd64-cygwin\jdk8u131\8869\hotspot\src\share\vm\classfile\systemDictionary.cpp, line 210]
Event: 1.261 Thread 0x0000000015a37800 Exception <a 'java/lang/ClassNotFoundException': org/apache/log4j/AppenderSkeletonCustomizer> (0x00000000f0214b98) thrown at [C:\re\workspace\8-2-build-windows-amd64-cygwin\jdk8u131\8869\hotspot\src\share\vm\classfile\systemDictionary.cpp, line 210]
Event: 1.264 Thread 0x0000000015a37800 Exception <a 'java/lang/ClassNotFoundException': org/apache/log4j/WriterAppenderCustomizer> (0x00000000f0238cb0) thrown at [C:\re\workspace\8-2-build-windows-amd64-cygwin\jdk8u131\8869\hotspot\src\share\vm\classfile\systemDictionary.cpp, line 210]
Event: 1.265 Thread 0x0000000015a37800 Exception <a 'java/lang/ClassNotFoundException': org/apache/log4j/FileAppenderCustomizer> (0x00000000f02545f0) thrown at [C:\re\workspace\8-2-build-windows-amd64-cygwin\jdk8u131\8869\hotspot\src\share\vm\classfile\systemDictionary.cpp, line 210]
Event: 1.272 Thread 0x0000000015a37800 Exception <a 'java/lang/ClassNotFoundException': org/apache/log4j/RollingFileAppenderCustomizer> (0x00000000f02718f8) thrown at [C:\re\workspace\8-2-build-windows-amd64-cygwin\jdk8u131\8869\hotspot\src\share\vm\classfile\systemDictionary.cpp, line 210]
Event: 1.276 Thread 0x0000000015a37800 Exception <a 'java/io/FileNotFoundException'> (0x00000000f027dc18) thrown at [C:\re\workspace\8-2-build-windows-amd64-cygwin\jdk8u131\8869\hotspot\src\share\vm\prims\jni.cpp, line 709]
Event: 1.349 Thread 0x0000000015a37800 Exception <a 'java/lang/ClassNotFoundException': org/apache/log4j/ConsoleAppenderBeanInfo> (0x00000000f02ae7a8) thrown at [C:\re\workspace\8-2-build-windows-amd64-cygwin\jdk8u131\8869\hotspot\src\share\vm\classfile\systemDictionary.cpp, line 210]
Event: 1.350 Thread 0x0000000015a37800 Exception <a 'java/lang/ClassNotFoundException': org/apache/log4j/ConsoleAppenderCustomizer> (0x00000000f02bde48) thrown at [C:\re\workspace\8-2-build-windows-amd64-cygwin\jdk8u131\8869\hotspot\src\share\vm\classfile\systemDictionary.cpp, line 210]
Event: 1.391 Thread 0x0000000015a37800 Exception <a 'java/lang/NoClassDefFoundError': org/slf4j/impl/StaticLoggerBinder> (0x00000000f04274c8) thrown at [C:\re\workspace\8-2-build-windows-amd64-cygwin\jdk8u131\8869\hotspot\src\share\vm\classfile\systemDictionary.cpp, line 199]

Events (10 events):
Event: 3.277 loading class javax/crypto/JarVerifier$1
Event: 3.277 loading class javax/crypto/JarVerifier$1 done
Event: 3.278 loading class sun/security/util/Pem
Event: 3.278 loading class sun/security/util/Pem done
Event: 3.283 loading class sun/security/validator/Validator
Event: 3.286 loading class sun/security/validator/Validator done
Event: 3.286 loading class sun/security/validator/SimpleValidator
Event: 3.286 loading class sun/security/validator/SimpleValidator done
Event: 3.286 loading class sun/security/validator/EndEntityChecker
Event: 3.286 loading class sun/security/validator/EndEntityChecker done


Dynamic libraries:
0x00007ff673230000 - 0x00007ff673267000 	C:\Program Files\Java\jdk1.8.0_131\bin\java.exe
0x00007fff87f90000 - 0x00007fff8813d000 	C:\windows\SYSTEM32\ntdll.dll
0x00007fff87b80000 - 0x00007fff87cbe000 	C:\windows\system32\KERNEL32.DLL
0x00007fff85440000 - 0x00007fff85555000 	C:\windows\system32\KERNELBASE.dll
0x00007fff83cd0000 - 0x00007fff83d5e000 	C:\windows\system32\apphelp.dll
0x00007fff6d810000 - 0x00007fff6d863000 	C:\windows\AppPatch\AppPatch64\AcGenral.DLL
0x00007fff87ee0000 - 0x00007fff87f8a000 	C:\windows\system32\msvcrt.dll
0x00007fff853b0000 - 0x00007fff853de000 	C:\windows\system32\SspiCli.dll
0x00007fff85c70000 - 0x00007fff85cc4000 	C:\windows\system32\SHLWAPI.dll
0x00007fff85fa0000 - 0x00007fff86117000 	C:\windows\system32\USER32.dll
0x00007fff85cd0000 - 0x00007fff85e64000 	C:\windows\system32\ole32.dll
0x00007fff86120000 - 0x00007fff87649000 	C:\windows\system32\SHELL32.dll
0x00007fff84670000 - 0x00007fff84691000 	C:\windows\SYSTEM32\USERENV.dll
0x00007fff85ab0000 - 0x00007fff85b5a000 	C:\windows\system32\ADVAPI32.dll
0x00007fff7ec30000 - 0x00007fff7ec4e000 	C:\windows\SYSTEM32\MPR.dll
0x00007fff85970000 - 0x00007fff85ab0000 	C:\windows\system32\RPCRT4.dll
0x00007fff85e70000 - 0x00007fff85ec9000 	C:\windows\SYSTEM32\sechost.dll
0x00007fff87cc0000 - 0x00007fff87ed2000 	C:\windows\SYSTEM32\combase.dll
0x00007fff87a30000 - 0x00007fff87b7b000 	C:\windows\system32\GDI32.dll
0x00007fff850b0000 - 0x00007fff850c5000 	C:\windows\SYSTEM32\profapi.dll
0x00007fff83700000 - 0x00007fff837b2000 	C:\windows\SYSTEM32\SHCORE.dll
0x00007fff85b70000 - 0x00007fff85ba6000 	C:\windows\system32\IMM32.DLL
0x00007fff85630000 - 0x00007fff85782000 	C:\windows\system32\MSCTF.dll
0x00007fff82520000 - 0x00007fff8279b000 	C:\windows\WinSxS\amd64_microsoft.windows.common-controls_6595b64144ccf1df_6.0.9600.18006_none_623f33d3ecbe86e8\COMCTL32.dll
0x0000000053db0000 - 0x0000000053e82000 	C:\Program Files\Java\jdk1.8.0_131\jre\bin\msvcr100.dll
0x0000000052e70000 - 0x000000005370c000 	C:\Program Files\Java\jdk1.8.0_131\jre\bin\server\jvm.dll
0x00007fff81800000 - 0x00007fff81809000 	C:\windows\SYSTEM32\WSOCK32.dll
0x00007fff7c9c0000 - 0x00007fff7c9e2000 	C:\windows\SYSTEM32\WINMM.dll
0x00007fff7d8c0000 - 0x00007fff7d8ca000 	C:\windows\SYSTEM32\VERSION.dll
0x00007fff87790000 - 0x00007fff87797000 	C:\windows\system32\PSAPI.DLL
0x00007fff85c10000 - 0x00007fff85c6a000 	C:\windows\system32\WS2_32.dll
0x00007fff7c970000 - 0x00007fff7c99a000 	C:\windows\SYSTEM32\WINMMBASE.dll
0x00007fff85b60000 - 0x00007fff85b69000 	C:\windows\system32\NSI.dll
0x00007fff85360000 - 0x00007fff853af000 	C:\windows\SYSTEM32\cfgmgr32.dll
0x00007fff83e00000 - 0x00007fff83e28000 	C:\windows\SYSTEM32\DEVOBJ.dll
0x0000000053da0000 - 0x0000000053daf000 	C:\Program Files\Java\jdk1.8.0_131\jre\bin\verify.dll
0x0000000053d70000 - 0x0000000053d99000 	C:\Program Files\Java\jdk1.8.0_131\jre\bin\java.dll
0x0000000053d50000 - 0x0000000053d66000 	C:\Program Files\Java\jdk1.8.0_131\jre\bin\zip.dll
0x0000000053d00000 - 0x0000000053d1a000 	C:\Program Files\Java\jdk1.8.0_131\jre\bin\net.dll
0x00007fff84790000 - 0x00007fff847e9000 	C:\windows\system32\mswsock.dll
0x0000000053ce0000 - 0x0000000053cf1000 	C:\Program Files\Java\jdk1.8.0_131\jre\bin\nio.dll
0x00007fff84940000 - 0x00007fff84960000 	C:\windows\SYSTEM32\CRYPTSP.dll
0x00007fff84580000 - 0x00007fff845b6000 	C:\windows\system32\rsaenh.dll
0x00007fff84bb0000 - 0x00007fff84bd6000 	C:\windows\SYSTEM32\bcrypt.dll
0x00007fff84eb0000 - 0x00007fff84f13000 	C:\windows\system32\bcryptprimitives.dll
0x00007fff84f20000 - 0x00007fff84f2b000 	C:\windows\SYSTEM32\CRYPTBASE.dll
0x00007fff81520000 - 0x00007fff8154a000 	C:\windows\SYSTEM32\IPHLPAPI.DLL
0x00007fff81500000 - 0x00007fff8150a000 	C:\windows\SYSTEM32\WINNSI.DLL
0x00007fff81230000 - 0x00007fff81246000 	C:\windows\SYSTEM32\dhcpcsvc6.DLL
0x00007fff810d0000 - 0x00007fff810ea000 	C:\windows\SYSTEM32\dhcpcsvc.DLL
0x0000000053d20000 - 0x0000000053d44000 	C:\Program Files\Java\jdk1.8.0_131\jre\bin\sunec.dll

VM Arguments:
jvm_args: -DbrowserName -Dcucumber.options= --glue salesforce --plugin pretty --plugin json:build/cucumber/cucumber.json --plugin rerun:build/cucumber/rerun.txt classpath:features --tags @Login1 -Denv_id=login -Djava.security.manager=worker.org.gradle.process.internal.worker.child.BootstrapSecurityManager -Dorg.gradle.native=false -Dskin=lightning -Dfile.encoding=windows-1252 -Duser.country=US -Duser.language=en -Duser.variant -ea 
java_command: worker.org.gradle.process.internal.worker.GradleWorkerMain 'Gradle Test Executor 5'
java_class_path (initial): C:\Users\Administrator\.gradle\caches\4.1\workerMain\gradle-worker.jar
Launcher Type: SUN_STANDARD

Environment Variables:
JAVA_HOME=C:\Program Files\Java\jdk1.8.0_131
CLASSPATH=C:\Users\Administrator\gradle\gradle-4.1\bin\..\lib\gradle-launcher-4.1.jar
PATH=C:\ProgramData\Oracle\Java\javapath;C:\windows\system32;C:\windows;C:\windows\System32\Wbem;C:\windows\System32\WindowsPowerShell\v1.0\;C:\Program Files (x86)\Windows Kits\8.1\Windows Performance Toolkit\;C:\Program Files\Microsoft SQL Server\110\Tools\Binn\;C:\Users\Administrator\gradle\gradle-4.1\bin;C:\Program Files\Java\jdk1.8.0_131\jre\bin\server\jvm.dll;C:\Program Files\Java\jre1.8.0_144\bin\server;C:\Program Files\Git\cmd;C:\Program Files\PuTTY\;C:\Program Files\Java\jdk1.8.0_131/bin;C:\android\android-sdk\tools;C:\android\android-sdk\platforms;C:\android\android-sdk\platform-tools;C:\Program Files\nodejs\;C:\Users\Administrator\AppData\Local\Programs\Python\Python37\Scripts\;C:\Users\Administrator\AppData\Local\Programs\Python\Python37\;C:\Users\Administrator\AppData\Roaming\npm
USERNAME=Administrator
OS=Windows_NT
PROCESSOR_IDENTIFIER=Intel64 Family 6 Model 60 Stepping 1, GenuineIntel



---------------  S Y S T E M  ---------------

OS: Windows Server 2012 R2 , 64 bit Build 9600 (6.3.9600.17415)

CPU:total 2 (initial active 2) (1 cores per cpu, 1 threads per core) family 6 model 60 stepping 1, cmov, cx8, fxsr, mmx, sse, sse2, sse3, ssse3, sse4.1, sse4.2, popcnt, avx, avx2, aes, clmul, erms, lzcnt, tsc, bmi1, bmi2

Memory: 4k page, physical 3145204k(41608k free), swap 6290932k(3224k free)

vm_info: Java HotSpot(TM) 64-Bit Server VM (25.131-b11) for windows-amd64 JRE (1.8.0_131-b11), built on Mar 15 2017 01:23:53 by "java_re" with MS VC++ 10.0 (VS2010)

time: Thu Dec 07 15:10:04 2017
elapsed time: 3 seconds (0d 0h 0m 3s)

